{
  "RSpec": {
    "coverage": {
      "/home/persuasive-dispatch-6945/tic-tac-toe-rb-online-web-sp-000/lib/tic_tac_toe.rb": [
        1,
        null,
        1,
        null,
        null,
        null,
        null,
        null,
        null,
        null,
        null,
        null,
        1,
        87,
        87,
        87,
        87,
        87,
        null,
        null,
        1,
        17,
        null,
        null,
        1,
        16,
        null,
        null,
        1,
        73,
        null,
        null,
        1,
        17,
        null,
        null,
        1,
        14,
        14,
        14,
        14,
        13,
        13,
        null,
        1,
        null,
        null,
        null,
        1,
        15,
        15,
        135,
        11,
        null,
        null,
        15,
        null,
        null,
        1,
        14,
        10,
        null,
        4,
        null,
        null,
        null,
        1,
        29,
        162,
        null,
        null,
        null,
        null,
        null,
        1,
        null,
        64,
        null,
        null,
        1,
        9,
        null,
        null,
        1,
        11,
        null,
        null,
        1,
        5,
        4,
        4,
        null,
        null,
        null,
        1,
        8,
        11,
        null,
        8,
        8,
        72,
        72,
        null,
        8,
        3,
        null,
        5,
        null,
        null
      ]
    },
    "timestamp": 1585595418
  }
}
