{
  "RSpec": {
    "coverage": {
      "/home/persuasive-dispatch-6945/tic-tac-toe-rb-online-web-sp-000/lib/tic_tac_toe.rb": [
        1,
        null,
        1,
        null,
        null,
        null,
        null,
        null,
        null,
        null,
        null,
        null,
        1,
        6,
        6,
        6,
        6,
        6,
        null,
        null,
        1,
        9322,
        null,
        null,
        1,
        6,
        null,
        null,
        1,
        9333,
        null,
        null,
        1,
        9322,
        null,
        null,
        1,
        9320,
        9319,
        9319,
        9319,
        3,
        3,
        null,
        9316,
        null,
        null,
        null,
        1,
        5,
        5,
        45,
        5,
        null,
        null,
        5,
        null,
        null,
        1,
        4,
        4,
        null,
        0,
        null,
        null,
        null,
        1,
        13,
        90,
        null,
        null,
        null,
        null,
        null,
        1,
        null,
        59,
        null,
        null,
        1,
        7,
        null,
        null,
        1,
        3,
        null,
        null,
        1,
        3,
        2,
        2,
        null,
        null,
        null,
        1,
        1,
        1,
        2,
        1,
        1,
        null,
        null
      ]
    },
    "timestamp": 1585591656
  }
}
